<?xml version="1.0" encoding="UTF-8"?>
<!-- Generated by org.testng.reporters.JUnitXMLReporter -->
<testsuite ignored="0" hostname="DESKTOP-AT6REJ3" failures="0" tests="5" name="Default test" time="15.225" errors="0" timestamp="2024-02-14T13:41:26 PKT">
  <testcase classname="com.medelz.testCases.USERDETAILS_followed_user" name="checkContentType" time="0.014"/>
  <testcase classname="com.medelz.testCases.USERDETAILS_followed_user" name="checkResponseTime" time="0.005"/>
  <testcase classname="com.medelz.testCases.USERDETAILS_followed_user" name="checkResposeBody" time="0.028"/>
  <testcase classname="com.medelz.testCases.USERDETAILS_followed_user" name="checkStatusCode" time="0.01"/>
  <testcase classname="com.medelz.testCases.USERDETAILS_followed_user" name="checkserverType" time="0.005"/>
</testsuite> <!-- Default test -->
