<?xml version="1.0" encoding="UTF-8"?>
<!-- Generated by org.testng.reporters.JUnitXMLReporter -->
<testsuite ignored="0" hostname="DESKTOP-AT6REJ3" failures="0" tests="5" name="Default test" time="16.04" errors="0" timestamp="2024-01-15T10:20:34 PKT">
  <testcase classname="com.medelz.testCases.HOME_landing_page_api_v2" name="checkContentType" time="0.01"/>
  <testcase classname="com.medelz.testCases.HOME_landing_page_api_v2" name="checkResponseTime" time="0.003"/>
  <testcase classname="com.medelz.testCases.HOME_landing_page_api_v2" name="checkResposeBody" time="0.029"/>
  <testcase classname="com.medelz.testCases.HOME_landing_page_api_v2" name="checkStatusCode" time="0.004"/>
  <testcase classname="com.medelz.testCases.HOME_landing_page_api_v2" name="checkserverType" time="0.013"/>
</testsuite> <!-- Default test -->
