<?xml version="1.0" encoding="UTF-8"?>
<!-- Generated by org.testng.reporters.JUnitXMLReporter -->
<testsuite ignored="0" hostname="DESKTOP-AT6REJ3" failures="1" tests="35" name="Test" time="95.756" errors="0" timestamp="2024-01-16T04:59:41 PKT">
  <testcase classname="com.medelz.testCases.ALBUM_create_album" name="checkContentType" time="0.015"/>
  <testcase classname="com.medelz.testCases.ALBUM_create_album" name="checkResponseTime" time="0.004"/>
  <testcase classname="com.medelz.testCases.ALBUM_create_album" name="checkResposeBody" time="0.019"/>
  <testcase classname="com.medelz.testCases.ALBUM_create_album" name="checkStatusCode" time="0.003"/>
  <testcase classname="com.medelz.testCases.ALBUM_create_album" name="checkserverType" time="0.009"/>
  <testcase classname="com.medelz.testCases.ALBUM_update_album" name="checkContentType" time="0.005"/>
  <testcase classname="com.medelz.testCases.ALBUM_update_album" name="checkResponseTime" time="0.003"/>
  <testcase classname="com.medelz.testCases.ALBUM_update_album" name="checkResposeBody" time="0.002">
    <failure type="java.lang.Error" message="Unresolved compilation problem: 
	alid cannot be resolved to a variable
">
      <![CDATA[java.lang.Error: Unresolved compilation problem: 
alid cannot be resolved to a variable

at com.medelz.testCases.ALBUM_update_album.checkResposeBody(ALBUM_update_album.java:70)
at java.base/java.util.ArrayList.forEach(ArrayList.java:1511)
... Removed 27 stack frames]]>
    </failure>
  </testcase> <!-- checkResposeBody -->
  <testcase classname="com.medelz.testCases.ALBUM_update_album" name="checkStatusCode" time="0.002"/>
  <testcase classname="com.medelz.testCases.ALBUM_update_album" name="checkserverType" time="0.002"/>
  <testcase classname="com.medelz.testCases.ALBUM_delete_from_album" name="checkContentType" time="0.002"/>
  <testcase classname="com.medelz.testCases.ALBUM_delete_from_album" name="checkResponseTime" time="0.002"/>
  <testcase classname="com.medelz.testCases.ALBUM_delete_from_album" name="checkResposeBody" time="0.003"/>
  <testcase classname="com.medelz.testCases.ALBUM_delete_from_album" name="checkStatusCode" time="0.004"/>
  <testcase classname="com.medelz.testCases.ALBUM_delete_from_album" name="checkserverType" time="0.002"/>
  <testcase classname="com.medelz.testCases.ALBUM_add_to_album" name="checkContentType" time="0.004"/>
  <testcase classname="com.medelz.testCases.ALBUM_add_to_album" name="checkResponseTime" time="0.006"/>
  <testcase classname="com.medelz.testCases.ALBUM_add_to_album" name="checkResposeBody" time="0.004"/>
  <testcase classname="com.medelz.testCases.ALBUM_add_to_album" name="checkStatusCode" time="0.002"/>
  <testcase classname="com.medelz.testCases.ALBUM_add_to_album" name="checkserverType" time="0.002"/>
  <testcase classname="com.medelz.testCases.ALBUM_get_album_content" name="checkContentType" time="0.002"/>
  <testcase classname="com.medelz.testCases.ALBUM_get_album_content" name="checkResponseTime" time="0.001"/>
  <testcase classname="com.medelz.testCases.ALBUM_get_album_content" name="checkResposeBody" time="0.003"/>
  <testcase classname="com.medelz.testCases.ALBUM_get_album_content" name="checkStatusCode" time="0.005"/>
  <testcase classname="com.medelz.testCases.ALBUM_get_album_content" name="checkserverType" time="0.003"/>
  <testcase classname="com.medelz.testCases.ALBUM_get_album_and_playlist" name="checkContentType" time="0.002"/>
  <testcase classname="com.medelz.testCases.ALBUM_get_album_and_playlist" name="checkResponseTime" time="0.002"/>
  <testcase classname="com.medelz.testCases.ALBUM_get_album_and_playlist" name="checkResposeBody" time="0.012"/>
  <testcase classname="com.medelz.testCases.ALBUM_get_album_and_playlist" name="checkStatusCode" time="0.005"/>
  <testcase classname="com.medelz.testCases.ALBUM_get_album_and_playlist" name="checkserverType" time="0.003"/>
  <testcase classname="com.medelz.testCases.ALBUM_delete_album" name="checkContentType" time="0.001"/>
  <testcase classname="com.medelz.testCases.ALBUM_delete_album" name="checkResponseTime" time="0.003"/>
  <testcase classname="com.medelz.testCases.ALBUM_delete_album" name="checkResposeBody" time="0.004"/>
  <testcase classname="com.medelz.testCases.ALBUM_delete_album" name="checkStatusCode" time="0.003"/>
  <testcase classname="com.medelz.testCases.ALBUM_delete_album" name="checkserverType" time="0.002"/>
</testsuite> <!-- Test -->
