<?xml version="1.0" encoding="UTF-8"?>
<!-- Generated by org.testng.reporters.JUnitXMLReporter -->
<testsuite ignored="0" hostname="DESKTOP-AT6REJ3" failures="33" tests="269" name="Test" time="278.594" errors="0" timestamp="2024-01-15T09:59:03 PKT">
  <testcase classname="com.medelz.testCases.ALBUM_create_album" name="@AfterClass tearDown" time="0.027">
    <failure type="java.lang.NullPointerException" message="Cannot invoke &amp;quot;java.lang.Integer.intValue()&amp;quot; because the return value of &amp;quot;io.restassured.path.json.JsonPath.get(String)&amp;quot; is null">
      <![CDATA[java.lang.NullPointerException: Cannot invoke "java.lang.Integer.intValue()" because the return value of "io.restassured.path.json.JsonPath.get(String)" is null
at com.medelz.testCases.ALBUM_create_album.albumid(ALBUM_create_album.java:135)
at com.medelz.testCases.ALBUM_create_album.tearDown(ALBUM_create_album.java:154)
at java.base/java.util.ArrayList.forEach(ArrayList.java:1511)
... Removed 25 stack frames]]>
    </failure>
  </testcase> <!-- @AfterClass tearDown -->
  <testcase classname="com.medelz.testCases.AUTH_user_login" name="checkContentType" time="0.009"/>
  <testcase classname="com.medelz.testCases.AUTH_user_login" name="checkResposeBody" time="0.02"/>
  <testcase classname="com.medelz.testCases.AUTH_user_login" name="checkStatusCode" time="0.004"/>
  <testcase classname="com.medelz.testCases.AUTH_user_login" name="checkserverType" time="0.001"/>
  <testcase classname="com.medelz.testCases.HOME_upload_file" name="checkContentType" time="0.006"/>
  <testcase classname="com.medelz.testCases.HOME_upload_file" name="checkResponseTime" time="0.005"/>
  <testcase classname="com.medelz.testCases.HOME_upload_file" name="checkResposeBody" time="0.007"/>
  <testcase classname="com.medelz.testCases.HOME_upload_file" name="checkStatusCode" time="0.003"/>
  <testcase classname="com.medelz.testCases.HOME_upload_file" name="checkserverType" time="0.002"/>
  <testcase classname="com.medelz.testCases.HOME_landing_page" name="checkContentType" time="0.002"/>
  <testcase classname="com.medelz.testCases.HOME_landing_page" name="checkResponseTime" time="0.003"/>
  <testcase classname="com.medelz.testCases.HOME_landing_page" name="checkResposeBody" time="0.022"/>
  <testcase classname="com.medelz.testCases.HOME_landing_page" name="checkStatusCode" time="0.004"/>
  <testcase classname="com.medelz.testCases.HOME_landing_page" name="checkserverType" time="0.002"/>
  <testcase classname="com.medelz.testCases.HOME_trending_categories_content" name="checkContentType" time="0.001"/>
  <testcase classname="com.medelz.testCases.HOME_trending_categories_content" name="checkResponseTime" time="0.003"/>
  <testcase classname="com.medelz.testCases.HOME_trending_categories_content" name="checkResposeBody" time="0.007"/>
  <testcase classname="com.medelz.testCases.HOME_trending_categories_content" name="checkStatusCode" time="0.005"/>
  <testcase classname="com.medelz.testCases.HOME_trending_categories_content" name="checkserverType" time="0.004"/>
  <testcase classname="com.medelz.testCases.HOME_music_page" name="checkContentType" time="0.002"/>
  <testcase classname="com.medelz.testCases.HOME_music_page" name="checkResponseTime" time="0.003"/>
  <testcase classname="com.medelz.testCases.HOME_music_page" name="checkResposeBody" time="0.04"/>
  <testcase classname="com.medelz.testCases.HOME_music_page" name="checkStatusCode" time="0.002"/>
  <testcase classname="com.medelz.testCases.HOME_music_page" name="checkserverType" time="0.002"/>
  <testcase classname="com.medelz.testCases.HOME_dance_page" name="checkContentType" time="0.001"/>
  <testcase classname="com.medelz.testCases.HOME_dance_page" name="checkResponseTime" time="0.001"/>
  <testcase classname="com.medelz.testCases.HOME_dance_page" name="checkResposeBody" time="0.007"/>
  <testcase classname="com.medelz.testCases.HOME_dance_page" name="checkStatusCode" time="0.002"/>
  <testcase classname="com.medelz.testCases.HOME_dance_page" name="checkserverType" time="0.002"/>
  <testcase classname="com.medelz.testCases.HOME_fashion_page" name="checkContentType" time="0.002"/>
  <testcase classname="com.medelz.testCases.HOME_fashion_page" name="checkResponseTime" time="0.002"/>
  <testcase classname="com.medelz.testCases.HOME_fashion_page" name="checkResposeBody" time="0.006"/>
  <testcase classname="com.medelz.testCases.HOME_fashion_page" name="checkStatusCode" time="0.001"/>
  <testcase classname="com.medelz.testCases.HOME_fashion_page" name="checkserverType" time="0.002"/>
  <testcase classname="com.medelz.testCases.HOME_film_page" name="checkContentType" time="0.001"/>
  <testcase classname="com.medelz.testCases.HOME_film_page" name="checkResponseTime" time="0.001"/>
  <testcase classname="com.medelz.testCases.HOME_film_page" name="checkResposeBody" time="0.012"/>
  <testcase classname="com.medelz.testCases.HOME_film_page" name="checkStatusCode" time="0.001"/>
  <testcase classname="com.medelz.testCases.HOME_film_page" name="checkserverType" time="0.001"/>
  <testcase classname="com.medelz.testCases.HOME_painting_page" name="checkContentType" time="0.001"/>
  <testcase classname="com.medelz.testCases.HOME_painting_page" name="checkResponseTime" time="0.001"/>
  <testcase classname="com.medelz.testCases.HOME_painting_page" name="checkResposeBody" time="0.006"/>
  <testcase classname="com.medelz.testCases.HOME_painting_page" name="checkStatusCode" time="0.002"/>
  <testcase classname="com.medelz.testCases.HOME_painting_page" name="checkserverType" time="0.002"/>
  <testcase classname="com.medelz.testCases.HOME_photography_page" name="checkContentType" time="0.003"/>
  <testcase classname="com.medelz.testCases.HOME_photography_page" name="checkResponseTime" time="0.005"/>
  <testcase classname="com.medelz.testCases.HOME_photography_page" name="checkResposeBody" time="0.012"/>
  <testcase classname="com.medelz.testCases.HOME_photography_page" name="checkStatusCode" time="0.001"/>
  <testcase classname="com.medelz.testCases.HOME_photography_page" name="checkserverType" time="0.001"/>
  <testcase classname="com.medelz.testCases.HOME_landing_page_api_v2" name="checkContentType" time="0.001"/>
  <testcase classname="com.medelz.testCases.HOME_landing_page_api_v2" name="checkResponseTime" time="0.001"/>
  <testcase classname="com.medelz.testCases.HOME_landing_page_api_v2" name="checkResposeBody" time="0.005"/>
  <testcase classname="com.medelz.testCases.HOME_landing_page_api_v2" name="checkStatusCode" time="0.001"/>
  <testcase classname="com.medelz.testCases.HOME_landing_page_api_v2" name="checkserverType" time="0.001"/>
  <testcase classname="com.medelz.testCases.PLAYLIST_create_playlist" name="checkContentType" time="0.001"/>
  <testcase classname="com.medelz.testCases.PLAYLIST_create_playlist" name="checkResponseTime" time="0.001"/>
  <testcase classname="com.medelz.testCases.PLAYLIST_create_playlist" name="checkResposeBody" time="0.002"/>
  <testcase classname="com.medelz.testCases.PLAYLIST_create_playlist" name="checkStatusCode" time="0.001"/>
  <testcase classname="com.medelz.testCases.PLAYLIST_create_playlist" name="checkserverType" time="0.002"/>
  <testcase classname="com.medelz.testCases.PLAYLIST_get_playlist_song" name="checkContentType" time="0.001"/>
  <testcase classname="com.medelz.testCases.PLAYLIST_get_playlist_song" name="checkResponseTime" time="0.002"/>
  <testcase classname="com.medelz.testCases.PLAYLIST_get_playlist_song" name="checkResposeBody" time="0.011">
    <failure type="java.lang.AssertionError" message="expected [true] but found [false]">
      <![CDATA[java.lang.AssertionError: expected [true] but found [false]
at com.medelz.testCases.PLAYLIST_get_playlist_song.checkResposeBody(PLAYLIST_get_playlist_song.java:62)
at java.base/java.util.ArrayList.forEach(ArrayList.java:1511)
... Removed 34 stack frames]]>
    </failure>
  </testcase> <!-- checkResposeBody -->
  <testcase classname="com.medelz.testCases.PLAYLIST_get_playlist_song" name="checkStatusCode" time="0.001"/>
  <testcase classname="com.medelz.testCases.PLAYLIST_get_playlist_song" name="checkserverType" time="0.001"/>
  <testcase classname="com.medelz.testCases.PLAYLIST_public_playlist_song" name="checkContentType" time="0.001"/>
  <testcase classname="com.medelz.testCases.PLAYLIST_public_playlist_song" name="checkResponseTime" time="0.001"/>
  <testcase classname="com.medelz.testCases.PLAYLIST_public_playlist_song" name="checkResposeBody" time="0.001"/>
  <testcase classname="com.medelz.testCases.PLAYLIST_public_playlist_song" name="checkStatusCode" time="0.001"/>
  <testcase classname="com.medelz.testCases.PLAYLIST_public_playlist_song" name="checkserverType" time="0.001"/>
  <testcase classname="com.medelz.testCases.PLAYLIST_update_playlist" name="checkContentType" time="0.002"/>
  <testcase classname="com.medelz.testCases.PLAYLIST_update_playlist" name="checkResponseTime" time="0.001"/>
  <testcase classname="com.medelz.testCases.PLAYLIST_update_playlist" name="checkResposeBody" time="0.002">
    <failure type="java.lang.AssertionError" message="expected [true] but found [false]">
      <![CDATA[java.lang.AssertionError: expected [true] but found [false]
at com.medelz.testCases.PLAYLIST_update_playlist.checkResposeBody(PLAYLIST_update_playlist.java:63)
at java.base/java.util.ArrayList.forEach(ArrayList.java:1511)
... Removed 34 stack frames]]>
    </failure>
  </testcase> <!-- checkResposeBody -->
  <testcase classname="com.medelz.testCases.PLAYLIST_update_playlist" name="checkStatusCode" time="0.002">
    <failure type="java.lang.AssertionError" message="expected [200] but found [422]">
      <![CDATA[java.lang.AssertionError: expected [200] but found [422]
at com.medelz.testCases.PLAYLIST_update_playlist.checkStatusCode(PLAYLIST_update_playlist.java:80)
at java.base/java.util.ArrayList.forEach(ArrayList.java:1511)
... Removed 34 stack frames]]>
    </failure>
  </testcase> <!-- checkStatusCode -->
  <testcase classname="com.medelz.testCases.PLAYLIST_update_playlist" name="checkserverType" time="0.002"/>
  <testcase classname="com.medelz.testCases.SINGLECONTENT_delete_content_entity" name="checkContentType" time="0.0"/>
  <testcase classname="com.medelz.testCases.SINGLECONTENT_delete_content_entity" name="checkResponseTime" time="0.002"/>
  <testcase classname="com.medelz.testCases.SINGLECONTENT_delete_content_entity" name="checkResposeBody" time="0.002">
    <failure type="java.lang.AssertionError" message="expected [true] but found [false]">
      <![CDATA[java.lang.AssertionError: expected [true] but found [false]
at com.medelz.testCases.SINGLECONTENT_delete_content_entity.checkResposeBody(SINGLECONTENT_delete_content_entity.java:59)
at java.base/java.util.ArrayList.forEach(ArrayList.java:1511)
... Removed 34 stack frames]]>
    </failure>
  </testcase> <!-- checkResposeBody -->
  <testcase classname="com.medelz.testCases.SINGLECONTENT_delete_content_entity" name="checkStatusCode" time="0.002">
    <failure type="java.lang.AssertionError" message="expected [200] but found [422]">
      <![CDATA[java.lang.AssertionError: expected [200] but found [422]
at com.medelz.testCases.SINGLECONTENT_delete_content_entity.checkStatusCode(SINGLECONTENT_delete_content_entity.java:71)
at java.base/java.util.ArrayList.forEach(ArrayList.java:1511)
... Removed 34 stack frames]]>
    </failure>
  </testcase> <!-- checkStatusCode -->
  <testcase classname="com.medelz.testCases.SINGLECONTENT_delete_content_entity" name="checkserverType" time="0.001"/>
  <testcase classname="com.medelz.testCases.SINGLECONTENT_add_single_content" name="checkContentType" time="0.001"/>
  <testcase classname="com.medelz.testCases.SINGLECONTENT_add_single_content" name="checkResponseTime" time="0.002"/>
  <testcase classname="com.medelz.testCases.SINGLECONTENT_add_single_content" name="checkResposeBody" time="0.002">
    <failure type="java.lang.AssertionError" message="expected [true] but found [false]">
      <![CDATA[java.lang.AssertionError: expected [true] but found [false]
at com.medelz.testCases.SINGLECONTENT_add_single_content.checkResposeBody(SINGLECONTENT_add_single_content.java:61)
at java.base/java.util.ArrayList.forEach(ArrayList.java:1511)
... Removed 34 stack frames]]>
    </failure>
  </testcase> <!-- checkResposeBody -->
  <testcase classname="com.medelz.testCases.SINGLECONTENT_add_single_content" name="checkStatusCode" time="0.001">
    <failure type="java.lang.AssertionError" message="expected [200] but found [422]">
      <![CDATA[java.lang.AssertionError: expected [200] but found [422]
at com.medelz.testCases.SINGLECONTENT_add_single_content.checkStatusCode(SINGLECONTENT_add_single_content.java:73)
at java.base/java.util.ArrayList.forEach(ArrayList.java:1511)
... Removed 34 stack frames]]>
    </failure>
  </testcase> <!-- checkStatusCode -->
  <testcase classname="com.medelz.testCases.SINGLECONTENT_add_single_content" name="checkserverType" time="0.005"/>
  <testcase classname="com.medelz.testCases.PLAYLIST_delete_playlist" name="checkContentType" time="0.003"/>
  <testcase classname="com.medelz.testCases.PLAYLIST_delete_playlist" name="checkResponseTime" time="0.001"/>
  <testcase classname="com.medelz.testCases.PLAYLIST_delete_playlist" name="checkResposeBody" time="0.001">
    <failure type="java.lang.AssertionError" message="expected [true] but found [false]">
      <![CDATA[java.lang.AssertionError: expected [true] but found [false]
at com.medelz.testCases.PLAYLIST_delete_playlist.checkResposeBody(PLAYLIST_delete_playlist.java:60)
at java.base/java.util.ArrayList.forEach(ArrayList.java:1511)
... Removed 34 stack frames]]>
    </failure>
  </testcase> <!-- checkResposeBody -->
  <testcase classname="com.medelz.testCases.PLAYLIST_delete_playlist" name="checkStatusCode" time="0.001">
    <failure type="java.lang.AssertionError" message="expected [200] but found [422]">
      <![CDATA[java.lang.AssertionError: expected [200] but found [422]
at com.medelz.testCases.PLAYLIST_delete_playlist.checkStatusCode(PLAYLIST_delete_playlist.java:77)
at java.base/java.util.ArrayList.forEach(ArrayList.java:1511)
... Removed 34 stack frames]]>
    </failure>
  </testcase> <!-- checkStatusCode -->
  <testcase classname="com.medelz.testCases.PLAYLIST_delete_playlist" name="checkserverType" time="0.002"/>
  <testcase classname="com.medelz.testCases.MEDELZCONTENT_my_content_medelz" name="checkContentType" time="0.001"/>
  <testcase classname="com.medelz.testCases.MEDELZCONTENT_my_content_medelz" name="checkResponseTime" time="0.001"/>
  <testcase classname="com.medelz.testCases.MEDELZCONTENT_my_content_medelz" name="checkResposeBody" time="0.003"/>
  <testcase classname="com.medelz.testCases.MEDELZCONTENT_my_content_medelz" name="checkStatusCode" time="0.001"/>
  <testcase classname="com.medelz.testCases.MEDELZCONTENT_my_content_medelz" name="checkserverType" time="0.001"/>
  <testcase classname="com.medelz.testCases.LOCATIONS_get_countries" name="checkContentType" time="0.001"/>
  <testcase classname="com.medelz.testCases.LOCATIONS_get_countries" name="checkResponseTime" time="0.011"/>
  <testcase classname="com.medelz.testCases.LOCATIONS_get_countries" name="checkResposeBody" time="0.015"/>
  <testcase classname="com.medelz.testCases.LOCATIONS_get_countries" name="checkStatusCode" time="0.001"/>
  <testcase classname="com.medelz.testCases.LOCATIONS_get_countries" name="checkserverType" time="0.001"/>
  <testcase classname="com.medelz.testCases.ALBUM_create_album" name="checkContentType" time="0.003"/>
  <testcase classname="com.medelz.testCases.ALBUM_create_album" name="checkResponseTime" time="0.004"/>
  <testcase classname="com.medelz.testCases.ALBUM_create_album" name="checkResposeBody" time="0.001">
    <failure type="java.lang.AssertionError" message="expected [true] but found [false]">
      <![CDATA[java.lang.AssertionError: expected [true] but found [false]
at com.medelz.testCases.ALBUM_create_album.checkResposeBody(ALBUM_create_album.java:71)
at java.base/java.util.ArrayList.forEach(ArrayList.java:1511)
... Removed 34 stack frames]]>
    </failure>
  </testcase> <!-- checkResposeBody -->
  <testcase classname="com.medelz.testCases.ALBUM_create_album" name="checkStatusCode" time="0.001">
    <failure type="java.lang.AssertionError" message="expected [200] but found [422]">
      <![CDATA[java.lang.AssertionError: expected [200] but found [422]
at com.medelz.testCases.ALBUM_create_album.checkStatusCode(ALBUM_create_album.java:88)
at java.base/java.util.ArrayList.forEach(ArrayList.java:1511)
... Removed 34 stack frames]]>
    </failure>
  </testcase> <!-- checkStatusCode -->
  <testcase classname="com.medelz.testCases.ALBUM_create_album" name="checkserverType" time="0.001"/>
  <testcase classname="com.medelz.testCases.ALBUM_update_album" name="checkContentType" time="0.003"/>
  <testcase classname="com.medelz.testCases.ALBUM_update_album" name="checkResponseTime" time="0.004"/>
  <testcase classname="com.medelz.testCases.ALBUM_update_album" name="checkResposeBody" time="0.003">
    <failure type="java.lang.AssertionError" message="expected [true] but found [false]">
      <![CDATA[java.lang.AssertionError: expected [true] but found [false]
at com.medelz.testCases.ALBUM_update_album.checkResposeBody(ALBUM_update_album.java:65)
at java.base/java.util.ArrayList.forEach(ArrayList.java:1511)
... Removed 34 stack frames]]>
    </failure>
  </testcase> <!-- checkResposeBody -->
  <testcase classname="com.medelz.testCases.ALBUM_update_album" name="checkStatusCode" time="0.001">
    <failure type="java.lang.AssertionError" message="expected [200] but found [422]">
      <![CDATA[java.lang.AssertionError: expected [200] but found [422]
at com.medelz.testCases.ALBUM_update_album.checkStatusCode(ALBUM_update_album.java:84)
at java.base/java.util.ArrayList.forEach(ArrayList.java:1511)
... Removed 34 stack frames]]>
    </failure>
  </testcase> <!-- checkStatusCode -->
  <testcase classname="com.medelz.testCases.ALBUM_update_album" name="checkserverType" time="0.001"/>
  <testcase classname="com.medelz.testCases.ALBUM_delete_from_album" name="checkContentType" time="0.003"/>
  <testcase classname="com.medelz.testCases.ALBUM_delete_from_album" name="checkResponseTime" time="0.001"/>
  <testcase classname="com.medelz.testCases.ALBUM_delete_from_album" name="checkResposeBody" time="0.003">
    <failure type="java.lang.AssertionError" message="expected [true] but found [false]">
      <![CDATA[java.lang.AssertionError: expected [true] but found [false]
at com.medelz.testCases.ALBUM_delete_from_album.checkResposeBody(ALBUM_delete_from_album.java:65)
at java.base/java.util.ArrayList.forEach(ArrayList.java:1511)
... Removed 34 stack frames]]>
    </failure>
  </testcase> <!-- checkResposeBody -->
  <testcase classname="com.medelz.testCases.ALBUM_delete_from_album" name="checkStatusCode" time="0.001">
    <failure type="java.lang.AssertionError" message="expected [200] but found [422]">
      <![CDATA[java.lang.AssertionError: expected [200] but found [422]
at com.medelz.testCases.ALBUM_delete_from_album.checkStatusCode(ALBUM_delete_from_album.java:77)
at java.base/java.util.ArrayList.forEach(ArrayList.java:1511)
... Removed 34 stack frames]]>
    </failure>
  </testcase> <!-- checkStatusCode -->
  <testcase classname="com.medelz.testCases.ALBUM_delete_from_album" name="checkserverType" time="0.001"/>
  <testcase classname="com.medelz.testCases.ALBUM_add_to_album" name="checkContentType" time="0.003"/>
  <testcase classname="com.medelz.testCases.ALBUM_add_to_album" name="checkResponseTime" time="0.002"/>
  <testcase classname="com.medelz.testCases.ALBUM_add_to_album" name="checkResposeBody" time="0.002">
    <failure type="java.lang.AssertionError" message="expected [true] but found [false]">
      <![CDATA[java.lang.AssertionError: expected [true] but found [false]
at com.medelz.testCases.ALBUM_add_to_album.checkResposeBody(ALBUM_add_to_album.java:65)
at java.base/java.util.ArrayList.forEach(ArrayList.java:1511)
... Removed 34 stack frames]]>
    </failure>
  </testcase> <!-- checkResposeBody -->
  <testcase classname="com.medelz.testCases.ALBUM_add_to_album" name="checkStatusCode" time="0.001">
    <failure type="java.lang.AssertionError" message="expected [200] but found [422]">
      <![CDATA[java.lang.AssertionError: expected [200] but found [422]
at com.medelz.testCases.ALBUM_add_to_album.checkStatusCode(ALBUM_add_to_album.java:77)
at java.base/java.util.ArrayList.forEach(ArrayList.java:1511)
... Removed 34 stack frames]]>
    </failure>
  </testcase> <!-- checkStatusCode -->
  <testcase classname="com.medelz.testCases.ALBUM_add_to_album" name="checkserverType" time="0.001"/>
  <testcase classname="com.medelz.testCases.ALBUM_get_album_content" name="checkContentType" time="0.001"/>
  <testcase classname="com.medelz.testCases.ALBUM_get_album_content" name="checkResponseTime" time="0.001"/>
  <testcase classname="com.medelz.testCases.ALBUM_get_album_content" name="checkResposeBody" time="0.002">
    <failure type="java.lang.AssertionError" message="expected [true] but found [false]">
      <![CDATA[java.lang.AssertionError: expected [true] but found [false]
at com.medelz.testCases.ALBUM_get_album_content.checkResposeBody(ALBUM_get_album_content.java:63)
at java.base/java.util.ArrayList.forEach(ArrayList.java:1511)
... Removed 34 stack frames]]>
    </failure>
  </testcase> <!-- checkResposeBody -->
  <testcase classname="com.medelz.testCases.ALBUM_get_album_content" name="checkStatusCode" time="0.0"/>
  <testcase classname="com.medelz.testCases.ALBUM_get_album_content" name="checkserverType" time="0.001"/>
  <testcase classname="com.medelz.testCases.ALBUM_get_album_and_playlist" name="checkContentType" time="0.001"/>
  <testcase classname="com.medelz.testCases.ALBUM_get_album_and_playlist" name="checkResponseTime" time="0.001"/>
  <testcase classname="com.medelz.testCases.ALBUM_get_album_and_playlist" name="checkResposeBody" time="0.003"/>
  <testcase classname="com.medelz.testCases.ALBUM_get_album_and_playlist" name="checkStatusCode" time="0.001"/>
  <testcase classname="com.medelz.testCases.ALBUM_get_album_and_playlist" name="checkserverType" time="0.001"/>
  <testcase classname="com.medelz.testCases.ALBUM_delete_album" name="checkContentType" time="0.001"/>
  <testcase classname="com.medelz.testCases.ALBUM_delete_album" name="checkResponseTime" time="0.0"/>
  <testcase classname="com.medelz.testCases.ALBUM_delete_album" name="checkResposeBody" time="0.001">
    <failure type="java.lang.AssertionError" message="expected [true] but found [false]">
      <![CDATA[java.lang.AssertionError: expected [true] but found [false]
at com.medelz.testCases.ALBUM_delete_album.checkResposeBody(ALBUM_delete_album.java:62)
at java.base/java.util.ArrayList.forEach(ArrayList.java:1511)
... Removed 34 stack frames]]>
    </failure>
  </testcase> <!-- checkResposeBody -->
  <testcase classname="com.medelz.testCases.ALBUM_delete_album" name="checkStatusCode" time="0.0">
    <failure type="java.lang.AssertionError" message="expected [200] but found [422]">
      <![CDATA[java.lang.AssertionError: expected [200] but found [422]
at com.medelz.testCases.ALBUM_delete_album.checkStatusCode(ALBUM_delete_album.java:74)
at java.base/java.util.ArrayList.forEach(ArrayList.java:1511)
... Removed 34 stack frames]]>
    </failure>
  </testcase> <!-- checkStatusCode -->
  <testcase classname="com.medelz.testCases.ALBUM_delete_album" name="checkserverType" time="0.0"/>
  <testcase classname="com.medelz.testCases.SINGLECONTENT2_add_comment" name="checkContentType" time="0.002"/>
  <testcase classname="com.medelz.testCases.SINGLECONTENT2_add_comment" name="checkResponseTime" time="0.002"/>
  <testcase classname="com.medelz.testCases.SINGLECONTENT2_add_comment" name="checkResposeBody" time="0.002"/>
  <testcase classname="com.medelz.testCases.SINGLECONTENT2_add_comment" name="checkStatusCode" time="0.001"/>
  <testcase classname="com.medelz.testCases.SINGLECONTENT2_add_comment" name="checkserverType" time="0.001"/>
  <testcase classname="com.medelz.testCases.SINGLECONTENT2_update_comment" name="checkContentType" time="0.002"/>
  <testcase classname="com.medelz.testCases.SINGLECONTENT2_update_comment" name="checkResponseTime" time="0.001"/>
  <testcase classname="com.medelz.testCases.SINGLECONTENT2_update_comment" name="checkResposeBody" time="0.001">
    <failure type="java.lang.AssertionError" message="expected [true] but found [false]">
      <![CDATA[java.lang.AssertionError: expected [true] but found [false]
at com.medelz.testCases.SINGLECONTENT2_update_comment.checkResposeBody(SINGLECONTENT2_update_comment.java:65)
at java.base/java.util.ArrayList.forEach(ArrayList.java:1511)
... Removed 34 stack frames]]>
    </failure>
  </testcase> <!-- checkResposeBody -->
  <testcase classname="com.medelz.testCases.SINGLECONTENT2_update_comment" name="checkStatusCode" time="0.001">
    <failure type="java.lang.AssertionError" message="expected [200] but found [422]">
      <![CDATA[java.lang.AssertionError: expected [200] but found [422]
at com.medelz.testCases.SINGLECONTENT2_update_comment.checkStatusCode(SINGLECONTENT2_update_comment.java:80)
at java.base/java.util.ArrayList.forEach(ArrayList.java:1511)
... Removed 34 stack frames]]>
    </failure>
  </testcase> <!-- checkStatusCode -->
  <testcase classname="com.medelz.testCases.SINGLECONTENT2_update_comment" name="checkserverType" time="0.001"/>
  <testcase classname="com.medelz.testCases.SINGLECONTENT2_get_comment" name="checkContentType" time="0.003"/>
  <testcase classname="com.medelz.testCases.SINGLECONTENT2_get_comment" name="checkResponseTime" time="0.002"/>
  <testcase classname="com.medelz.testCases.SINGLECONTENT2_get_comment" name="checkResposeBody" time="0.003"/>
  <testcase classname="com.medelz.testCases.SINGLECONTENT2_get_comment" name="checkStatusCode" time="0.001"/>
  <testcase classname="com.medelz.testCases.SINGLECONTENT2_get_comment" name="checkserverType" time="0.001"/>
  <testcase classname="com.medelz.testCases.SINGLECONTENT2_add_content_to_favourite_list" name="checkContentType" time="0.001"/>
  <testcase classname="com.medelz.testCases.SINGLECONTENT2_add_content_to_favourite_list" name="checkResponseTime" time="0.001"/>
  <testcase classname="com.medelz.testCases.SINGLECONTENT2_add_content_to_favourite_list" name="checkResposeBody" time="0.001"/>
  <testcase classname="com.medelz.testCases.SINGLECONTENT2_add_content_to_favourite_list" name="checkStatusCode" time="0.001"/>
  <testcase classname="com.medelz.testCases.SINGLECONTENT2_add_content_to_favourite_list" name="checkserverType" time="0.001"/>
  <testcase classname="com.medelz.testCases.SINGLECONTENT2_favourite_list" name="checkContentType" time="0.001"/>
  <testcase classname="com.medelz.testCases.SINGLECONTENT2_favourite_list" name="checkResponseTime" time="0.001"/>
  <testcase classname="com.medelz.testCases.SINGLECONTENT2_favourite_list" name="checkResposeBody" time="0.001"/>
  <testcase classname="com.medelz.testCases.SINGLECONTENT2_favourite_list" name="checkStatusCode" time="0.001"/>
  <testcase classname="com.medelz.testCases.SINGLECONTENT2_favourite_list" name="checkserverType" time="0.001"/>
  <testcase classname="com.medelz.testCases.SINGLECONTENT2_add_content_to_favourite_list2" name="checkContentType" time="0.001"/>
  <testcase classname="com.medelz.testCases.SINGLECONTENT2_add_content_to_favourite_list2" name="checkResponseTime" time="0.001"/>
  <testcase classname="com.medelz.testCases.SINGLECONTENT2_add_content_to_favourite_list2" name="checkResposeBody" time="0.002"/>
  <testcase classname="com.medelz.testCases.SINGLECONTENT2_add_content_to_favourite_list2" name="checkStatusCode" time="0.001"/>
  <testcase classname="com.medelz.testCases.SINGLECONTENT2_add_content_to_favourite_list2" name="checkserverType" time="0.001"/>
  <testcase classname="com.medelz.testCases.SINGLECONTENT2_edit_single_content" name="checkContentType" time="0.003"/>
  <testcase classname="com.medelz.testCases.SINGLECONTENT2_edit_single_content" name="checkResponseTime" time="0.003"/>
  <testcase classname="com.medelz.testCases.SINGLECONTENT2_edit_single_content" name="checkResposeBody" time="0.002">
    <failure type="java.lang.AssertionError" message="expected [true] but found [false]">
      <![CDATA[java.lang.AssertionError: expected [true] but found [false]
at com.medelz.testCases.SINGLECONTENT2_edit_single_content.checkResposeBody(SINGLECONTENT2_edit_single_content.java:75)
at java.base/java.util.ArrayList.forEach(ArrayList.java:1511)
... Removed 34 stack frames]]>
    </failure>
  </testcase> <!-- checkResposeBody -->
  <testcase classname="com.medelz.testCases.SINGLECONTENT2_edit_single_content" name="checkStatusCode" time="0.002">
    <failure type="java.lang.AssertionError" message="expected [200] but found [422]">
      <![CDATA[java.lang.AssertionError: expected [200] but found [422]
at com.medelz.testCases.SINGLECONTENT2_edit_single_content.checkStatusCode(SINGLECONTENT2_edit_single_content.java:92)
at java.base/java.util.ArrayList.forEach(ArrayList.java:1511)
... Removed 34 stack frames]]>
    </failure>
  </testcase> <!-- checkStatusCode -->
  <testcase classname="com.medelz.testCases.SINGLECONTENT2_edit_single_content" name="checkserverType" time="0.001"/>
  <testcase classname="com.medelz.testCases.SINGLECONTENT2_content_suggestions" name="checkContentType" time="0.001"/>
  <testcase classname="com.medelz.testCases.SINGLECONTENT2_content_suggestions" name="checkResponseTime" time="0.001"/>
  <testcase classname="com.medelz.testCases.SINGLECONTENT2_content_suggestions" name="checkResposeBody" time="0.001"/>
  <testcase classname="com.medelz.testCases.SINGLECONTENT2_content_suggestions" name="checkStatusCode" time="0.002"/>
  <testcase classname="com.medelz.testCases.SINGLECONTENT2_content_suggestions" name="checkserverType" time="0.001"/>
  <testcase classname="com.medelz.testCases.SINGLECONTENT2_single_content" name="checkContentType" time="0.001"/>
  <testcase classname="com.medelz.testCases.SINGLECONTENT2_single_content" name="checkResponseTime" time="0.001"/>
  <testcase classname="com.medelz.testCases.SINGLECONTENT2_single_content" name="checkResposeBody" time="0.001"/>
  <testcase classname="com.medelz.testCases.SINGLECONTENT2_single_content" name="checkStatusCode" time="0.001"/>
  <testcase classname="com.medelz.testCases.SINGLECONTENT2_single_content" name="checkserverType" time="0.001"/>
  <testcase classname="com.medelz.testCases.SINGLECONTENT2_add_feedback" name="checkContentType" time="0.001"/>
  <testcase classname="com.medelz.testCases.SINGLECONTENT2_add_feedback" name="checkResponseTime" time="0.001"/>
  <testcase classname="com.medelz.testCases.SINGLECONTENT2_add_feedback" name="checkResposeBody" time="0.002"/>
  <testcase classname="com.medelz.testCases.SINGLECONTENT2_add_feedback" name="checkStatusCode" time="0.001"/>
  <testcase classname="com.medelz.testCases.SINGLECONTENT2_add_feedback" name="checkserverType" time="0.0"/>
  <testcase classname="com.medelz.testCases.SINGLECONTENT2_delete_comment" name="checkContentType" time="0.003"/>
  <testcase classname="com.medelz.testCases.SINGLECONTENT2_delete_comment" name="checkResponseTime" time="0.001"/>
  <testcase classname="com.medelz.testCases.SINGLECONTENT2_delete_comment" name="checkResposeBody" time="0.001">
    <failure type="java.lang.AssertionError" message="expected [true] but found [false]">
      <![CDATA[java.lang.AssertionError: expected [true] but found [false]
at com.medelz.testCases.SINGLECONTENT2_delete_comment.checkResposeBody(SINGLECONTENT2_delete_comment.java:61)
at java.base/java.util.ArrayList.forEach(ArrayList.java:1511)
... Removed 34 stack frames]]>
    </failure>
  </testcase> <!-- checkResposeBody -->
  <testcase classname="com.medelz.testCases.SINGLECONTENT2_delete_comment" name="checkStatusCode" time="0.001">
    <failure type="java.lang.AssertionError" message="expected [200] but found [422]">
      <![CDATA[java.lang.AssertionError: expected [200] but found [422]
at com.medelz.testCases.SINGLECONTENT2_delete_comment.checkStatusCode(SINGLECONTENT2_delete_comment.java:73)
at java.base/java.util.ArrayList.forEach(ArrayList.java:1511)
... Removed 34 stack frames]]>
    </failure>
  </testcase> <!-- checkStatusCode -->
  <testcase classname="com.medelz.testCases.SINGLECONTENT2_delete_comment" name="checkserverType" time="0.001"/>
  <testcase classname="com.medelz.testCases.USERDETAILS_change_user_details" name="checkContentType" time="0.001"/>
  <testcase classname="com.medelz.testCases.USERDETAILS_change_user_details" name="checkResponseTime" time="0.001"/>
  <testcase classname="com.medelz.testCases.USERDETAILS_change_user_details" name="checkResposeBody" time="0.002"/>
  <testcase classname="com.medelz.testCases.USERDETAILS_change_user_details" name="checkStatusCode" time="0.002"/>
  <testcase classname="com.medelz.testCases.USERDETAILS_change_user_details" name="checkserverType" time="0.0"/>
  <testcase classname="com.medelz.testCases.USERDETAILS_private_user_details" name="checkContentType" time="0.001"/>
  <testcase classname="com.medelz.testCases.USERDETAILS_private_user_details" name="checkResponseTime" time="0.001">
    <failure type="java.lang.AssertionError" message="expected [true] but found [false]">
      <![CDATA[java.lang.AssertionError: expected [true] but found [false]
at com.medelz.testCases.USERDETAILS_private_user_details.checkResponseTime(USERDETAILS_private_user_details.java:77)
at java.base/java.util.ArrayList.forEach(ArrayList.java:1511)
... Removed 31 stack frames]]>
    </failure>
  </testcase> <!-- checkResponseTime -->
  <testcase classname="com.medelz.testCases.USERDETAILS_private_user_details" name="checkResposeBody" time="0.001"/>
  <testcase classname="com.medelz.testCases.USERDETAILS_private_user_details" name="checkStatusCode" time="0.001"/>
  <testcase classname="com.medelz.testCases.USERDETAILS_private_user_details" name="checkserverType" time="0.001"/>
  <testcase classname="com.medelz.testCases.USERDETAILS_public_user_details" name="checkContentType" time="0.003"/>
  <testcase classname="com.medelz.testCases.USERDETAILS_public_user_details" name="checkResponseTime" time="0.002"/>
  <testcase classname="com.medelz.testCases.USERDETAILS_public_user_details" name="checkResposeBody" time="0.003"/>
  <testcase classname="com.medelz.testCases.USERDETAILS_public_user_details" name="checkStatusCode" time="0.001"/>
  <testcase classname="com.medelz.testCases.USERDETAILS_public_user_details" name="checkserverType" time="0.006"/>
  <testcase classname="com.medelz.testCases.USERDETAILS_all_artist_queried" name="checkContentType" time="0.003"/>
  <testcase classname="com.medelz.testCases.USERDETAILS_all_artist_queried" name="checkResponseTime" time="0.001"/>
  <testcase classname="com.medelz.testCases.USERDETAILS_all_artist_queried" name="checkResposeBody" time="0.001"/>
  <testcase classname="com.medelz.testCases.USERDETAILS_all_artist_queried" name="checkStatusCode" time="0.001"/>
  <testcase classname="com.medelz.testCases.USERDETAILS_all_artist_queried" name="checkserverType" time="0.001"/>
  <testcase classname="com.medelz.testCases.USERDETAILS_change_entity_image" name="checkContentType" time="0.003"/>
  <testcase classname="com.medelz.testCases.USERDETAILS_change_entity_image" name="checkResponseTime" time="0.002"/>
  <testcase classname="com.medelz.testCases.USERDETAILS_change_entity_image" name="checkResposeBody" time="0.003">
    <failure type="java.lang.AssertionError" message="expected [true] but found [false]">
      <![CDATA[java.lang.AssertionError: expected [true] but found [false]
at com.medelz.testCases.USERDETAILS_change_entity_image.checkResposeBody(USERDETAILS_change_entity_image.java:69)
at java.base/java.util.ArrayList.forEach(ArrayList.java:1511)
... Removed 34 stack frames]]>
    </failure>
  </testcase> <!-- checkResposeBody -->
  <testcase classname="com.medelz.testCases.USERDETAILS_change_entity_image" name="checkStatusCode" time="0.001">
    <failure type="java.lang.AssertionError" message="expected [200] but found [422]">
      <![CDATA[java.lang.AssertionError: expected [200] but found [422]
at com.medelz.testCases.USERDETAILS_change_entity_image.checkStatusCode(USERDETAILS_change_entity_image.java:81)
at java.base/java.util.ArrayList.forEach(ArrayList.java:1511)
... Removed 34 stack frames]]>
    </failure>
  </testcase> <!-- checkStatusCode -->
  <testcase classname="com.medelz.testCases.USERDETAILS_change_entity_image" name="checkserverType" time="0.002"/>
  <testcase classname="com.medelz.testCases.USERDETAILS_featured_users" name="checkContentType" time="0.002"/>
  <testcase classname="com.medelz.testCases.USERDETAILS_featured_users" name="checkResponseTime" time="0.003"/>
  <testcase classname="com.medelz.testCases.USERDETAILS_featured_users" name="checkResposeBody" time="0.003"/>
  <testcase classname="com.medelz.testCases.USERDETAILS_featured_users" name="checkStatusCode" time="0.001"/>
  <testcase classname="com.medelz.testCases.USERDETAILS_featured_users" name="checkserverType" time="0.001"/>
  <testcase classname="com.medelz.testCases.USERDETAILS_list_of_followed_users" name="checkContentType" time="0.002"/>
  <testcase classname="com.medelz.testCases.USERDETAILS_list_of_followed_users" name="checkResponseTime" time="0.0"/>
  <testcase classname="com.medelz.testCases.USERDETAILS_list_of_followed_users" name="checkResposeBody" time="0.001"/>
  <testcase classname="com.medelz.testCases.USERDETAILS_list_of_followed_users" name="checkStatusCode" time="0.001"/>
  <testcase classname="com.medelz.testCases.USERDETAILS_list_of_followed_users" name="checkserverType" time="0.001"/>
  <testcase classname="com.medelz.testCases.USERDETAILS_update_password" name="checkContentType" time="0.001"/>
  <testcase classname="com.medelz.testCases.USERDETAILS_update_password" name="checkResponseTime" time="0.001"/>
  <testcase classname="com.medelz.testCases.USERDETAILS_update_password" name="checkResposeBody" time="0.001"/>
  <testcase classname="com.medelz.testCases.USERDETAILS_update_password" name="checkStatusCode" time="0.001"/>
  <testcase classname="com.medelz.testCases.USERDETAILS_update_password" name="checkserverType" time="0.001"/>
  <testcase classname="com.medelz.testCases.USERDETAILS_followed_user" name="checkContentType" time="0.001"/>
  <testcase classname="com.medelz.testCases.USERDETAILS_followed_user" name="checkResponseTime" time="0.0"/>
  <testcase classname="com.medelz.testCases.USERDETAILS_followed_user" name="checkResposeBody" time="0.002"/>
  <testcase classname="com.medelz.testCases.USERDETAILS_followed_user" name="checkStatusCode" time="0.001"/>
  <testcase classname="com.medelz.testCases.USERDETAILS_followed_user" name="checkserverType" time="0.001"/>
  <testcase classname="com.medelz.testCases.UPDATEEMAIL_verify__old_email" name="checkContentType" time="0.001"/>
  <testcase classname="com.medelz.testCases.UPDATEEMAIL_verify__old_email" name="checkResponseTime" time="0.0"/>
  <testcase classname="com.medelz.testCases.UPDATEEMAIL_verify__old_email" name="checkResposeBody" time="0.001"/>
  <testcase classname="com.medelz.testCases.UPDATEEMAIL_verify__old_email" name="checkStatusCode" time="0.001"/>
  <testcase classname="com.medelz.testCases.UPDATEEMAIL_verify__old_email" name="checkserverType" time="0.0"/>
  <testcase classname="com.medelz.testCases.UPDATEEMAIL_verify_otp" name="checkContentType" time="0.003"/>
  <testcase classname="com.medelz.testCases.UPDATEEMAIL_verify_otp" name="checkResponseTime" time="0.002"/>
  <testcase classname="com.medelz.testCases.UPDATEEMAIL_verify_otp" name="checkResposeBody" time="0.003"/>
  <testcase classname="com.medelz.testCases.UPDATEEMAIL_verify_otp" name="checkStatusCode" time="0.002"/>
  <testcase classname="com.medelz.testCases.UPDATEEMAIL_verify_otp" name="checkserverType" time="0.003"/>
  <testcase classname="com.medelz.testCases.UPDATEEMAIL_update_email" name="checkContentType" time="0.002"/>
  <testcase classname="com.medelz.testCases.UPDATEEMAIL_update_email" name="checkResponseTime" time="0.003"/>
  <testcase classname="com.medelz.testCases.UPDATEEMAIL_update_email" name="checkResposeBody" time="0.003"/>
  <testcase classname="com.medelz.testCases.UPDATEEMAIL_update_email" name="checkStatusCode" time="0.001"/>
  <testcase classname="com.medelz.testCases.UPDATEEMAIL_update_email" name="checkserverType" time="0.001"/>
  <testcase classname="com.medelz.testCases.UPDATEEMAIL_verify_email" name="checkContentType" time="0.003"/>
  <testcase classname="com.medelz.testCases.UPDATEEMAIL_verify_email" name="checkResponseTime" time="0.002"/>
  <testcase classname="com.medelz.testCases.UPDATEEMAIL_verify_email" name="checkResposeBody" time="0.002"/>
  <testcase classname="com.medelz.testCases.UPDATEEMAIL_verify_email" name="checkStatusCode" time="0.002"/>
  <testcase classname="com.medelz.testCases.UPDATEEMAIL_verify_email" name="checkserverType" time="0.002"/>
  <testcase classname="com.medelz.testCases.FORGOTTENPASSWORD_password_reset_email" name="checkContentType" time="0.0"/>
  <testcase classname="com.medelz.testCases.FORGOTTENPASSWORD_password_reset_email" name="checkResponseTime" time="0.001"/>
  <testcase classname="com.medelz.testCases.FORGOTTENPASSWORD_password_reset_email" name="checkResposeBody" time="0.001"/>
  <testcase classname="com.medelz.testCases.FORGOTTENPASSWORD_password_reset_email" name="checkStatusCode" time="0.001"/>
  <testcase classname="com.medelz.testCases.FORGOTTENPASSWORD_password_reset_email" name="checkserverType" time="0.001"/>
  <testcase classname="com.medelz.testCases.FORGOTTENPASSWORD_otp_confirmation_request" name="checkContentType" time="0.001"/>
  <testcase classname="com.medelz.testCases.FORGOTTENPASSWORD_otp_confirmation_request" name="checkResponseTime" time="0.002"/>
  <testcase classname="com.medelz.testCases.FORGOTTENPASSWORD_otp_confirmation_request" name="checkResposeBody" time="0.002">
    <failure type="java.lang.AssertionError" message="expected [true] but found [false]">
      <![CDATA[java.lang.AssertionError: expected [true] but found [false]
at com.medelz.testCases.FORGOTTENPASSWORD_otp_confirmation_request.checkResposeBody(FORGOTTENPASSWORD_otp_confirmation_request.java:68)
at java.base/java.util.ArrayList.forEach(ArrayList.java:1511)
... Removed 34 stack frames]]>
    </failure>
  </testcase> <!-- checkResposeBody -->
  <testcase classname="com.medelz.testCases.FORGOTTENPASSWORD_otp_confirmation_request" name="checkStatusCode" time="0.002">
    <failure type="java.lang.AssertionError" message="expected [200] but found [404]">
      <![CDATA[java.lang.AssertionError: expected [200] but found [404]
at com.medelz.testCases.FORGOTTENPASSWORD_otp_confirmation_request.checkStatusCode(FORGOTTENPASSWORD_otp_confirmation_request.java:81)
at java.base/java.util.ArrayList.forEach(ArrayList.java:1511)
... Removed 34 stack frames]]>
    </failure>
  </testcase> <!-- checkStatusCode -->
  <testcase classname="com.medelz.testCases.FORGOTTENPASSWORD_otp_confirmation_request" name="checkserverType" time="0.001"/>
  <testcase classname="com.medelz.testCases.FORGOTTENPASSWORD_update_password" name="checkContentType" time="0.003"/>
  <testcase classname="com.medelz.testCases.FORGOTTENPASSWORD_update_password" name="checkResponseTime" time="0.001"/>
  <testcase classname="com.medelz.testCases.FORGOTTENPASSWORD_update_password" name="checkResposeBody" time="0.001">
    <failure type="java.lang.AssertionError" message="expected [true] but found [false]">
      <![CDATA[java.lang.AssertionError: expected [true] but found [false]
at com.medelz.testCases.FORGOTTENPASSWORD_update_password.checkResposeBody(FORGOTTENPASSWORD_update_password.java:69)
at java.base/java.util.ArrayList.forEach(ArrayList.java:1511)
... Removed 34 stack frames]]>
    </failure>
  </testcase> <!-- checkResposeBody -->
  <testcase classname="com.medelz.testCases.FORGOTTENPASSWORD_update_password" name="checkStatusCode" time="0.002">
    <failure type="java.lang.AssertionError" message="expected [200] but found [422]">
      <![CDATA[java.lang.AssertionError: expected [200] but found [422]
at com.medelz.testCases.FORGOTTENPASSWORD_update_password.checkStatusCode(FORGOTTENPASSWORD_update_password.java:82)
at java.base/java.util.ArrayList.forEach(ArrayList.java:1511)
... Removed 34 stack frames]]>
    </failure>
  </testcase> <!-- checkStatusCode -->
  <testcase classname="com.medelz.testCases.FORGOTTENPASSWORD_update_password" name="checkserverType" time="0.0"/>
</testsuite> <!-- Test -->
