<?xml version="1.0" encoding="UTF-8"?>
<testng-results ignored="0" total="39" passed="39" failed="0" skipped="0">
  <reporter-output>
  </reporter-output>
  <suite started-at="2024-01-16T10:59:27 PKT" name="Suite" finished-at="2024-01-16T11:02:14 PKT" duration-ms="166935">
    <groups>
    </groups>
    <test started-at="2024-01-16T10:59:27 PKT" name="Test" finished-at="2024-01-16T11:02:14 PKT" duration-ms="166935">
      <class name="com.medelz.testCases.FORGOTTENPASSWORD_otp_confirmation_request">
        <test-method is-config="true" signature="setup()[pri:0, instance:com.medelz.testCases.FORGOTTENPASSWORD_otp_confirmation_request@229c6181]" started-at="2024-01-16T11:01:25 PKT" name="setup" finished-at="2024-01-16T11:01:25 PKT" duration-ms="3" status="PASS">
          <reporter-output>
          </reporter-output>
        </test-method> <!-- setup -->
        <test-method is-config="true" signature="otp_confirmation_request()[pri:0, instance:com.medelz.testCases.FORGOTTENPASSWORD_otp_confirmation_request@229c6181]" started-at="2024-01-16T11:01:25 PKT" name="otp_confirmation_request" finished-at="2024-01-16T11:01:57 PKT" duration-ms="31723" status="PASS">
          <reporter-output>
          </reporter-output>
        </test-method> <!-- otp_confirmation_request -->
        <test-method signature="checkContentType()[pri:0, instance:com.medelz.testCases.FORGOTTENPASSWORD_otp_confirmation_request@229c6181]" started-at="2024-01-16T11:01:57 PKT" name="checkContentType" finished-at="2024-01-16T11:01:57 PKT" duration-ms="4" status="PASS">
          <reporter-output>
          </reporter-output>
        </test-method> <!-- checkContentType -->
        <test-method signature="checkResponseTime()[pri:0, instance:com.medelz.testCases.FORGOTTENPASSWORD_otp_confirmation_request@229c6181]" started-at="2024-01-16T11:01:57 PKT" name="checkResponseTime" finished-at="2024-01-16T11:01:57 PKT" duration-ms="2" status="PASS">
          <reporter-output>
          </reporter-output>
        </test-method> <!-- checkResponseTime -->
        <test-method signature="checkResposeBody()[pri:0, instance:com.medelz.testCases.FORGOTTENPASSWORD_otp_confirmation_request@229c6181]" started-at="2024-01-16T11:01:57 PKT" name="checkResposeBody" finished-at="2024-01-16T11:01:57 PKT" duration-ms="5" status="PASS">
          <reporter-output>
          </reporter-output>
        </test-method> <!-- checkResposeBody -->
        <test-method signature="checkStatusCode()[pri:0, instance:com.medelz.testCases.FORGOTTENPASSWORD_otp_confirmation_request@229c6181]" started-at="2024-01-16T11:01:57 PKT" name="checkStatusCode" finished-at="2024-01-16T11:01:57 PKT" duration-ms="2" status="PASS">
          <reporter-output>
          </reporter-output>
        </test-method> <!-- checkStatusCode -->
        <test-method signature="checkserverType()[pri:0, instance:com.medelz.testCases.FORGOTTENPASSWORD_otp_confirmation_request@229c6181]" started-at="2024-01-16T11:01:57 PKT" name="checkserverType" finished-at="2024-01-16T11:01:57 PKT" duration-ms="2" status="PASS">
          <reporter-output>
          </reporter-output>
        </test-method> <!-- checkserverType -->
        <test-method is-config="true" signature="tearDown()[pri:0, instance:com.medelz.testCases.FORGOTTENPASSWORD_otp_confirmation_request@229c6181]" started-at="2024-01-16T11:01:57 PKT" name="tearDown" finished-at="2024-01-16T11:01:57 PKT" duration-ms="3" status="PASS">
          <reporter-output>
          </reporter-output>
        </test-method> <!-- tearDown -->
      </class> <!-- com.medelz.testCases.FORGOTTENPASSWORD_otp_confirmation_request -->
      <class name="com.medelz.testCases.UPDATEEMAIL_update_email">
        <test-method is-config="true" signature="setup()[pri:0, instance:com.medelz.testCases.UPDATEEMAIL_update_email@18df8434]" started-at="2024-01-16T11:00:31 PKT" name="setup" finished-at="2024-01-16T11:00:31 PKT" duration-ms="3" status="PASS">
          <reporter-output>
          </reporter-output>
        </test-method> <!-- setup -->
        <test-method is-config="true" signature="update_email()[pri:0, instance:com.medelz.testCases.UPDATEEMAIL_update_email@18df8434]" started-at="2024-01-16T11:00:31 PKT" name="update_email" finished-at="2024-01-16T11:00:45 PKT" duration-ms="13616" status="PASS">
          <reporter-output>
          </reporter-output>
        </test-method> <!-- update_email -->
        <test-method signature="checkContentType()[pri:0, instance:com.medelz.testCases.UPDATEEMAIL_update_email@18df8434]" started-at="2024-01-16T11:00:45 PKT" name="checkContentType" finished-at="2024-01-16T11:00:45 PKT" duration-ms="2" status="PASS">
          <reporter-output>
          </reporter-output>
        </test-method> <!-- checkContentType -->
        <test-method signature="checkResponseTime()[pri:0, instance:com.medelz.testCases.UPDATEEMAIL_update_email@18df8434]" started-at="2024-01-16T11:00:45 PKT" name="checkResponseTime" finished-at="2024-01-16T11:00:45 PKT" duration-ms="1" status="PASS">
          <reporter-output>
          </reporter-output>
        </test-method> <!-- checkResponseTime -->
        <test-method signature="checkResposeBody()[pri:0, instance:com.medelz.testCases.UPDATEEMAIL_update_email@18df8434]" started-at="2024-01-16T11:00:45 PKT" name="checkResposeBody" finished-at="2024-01-16T11:00:45 PKT" duration-ms="4" status="PASS">
          <reporter-output>
          </reporter-output>
        </test-method> <!-- checkResposeBody -->
        <test-method signature="checkStatusCode()[pri:0, instance:com.medelz.testCases.UPDATEEMAIL_update_email@18df8434]" started-at="2024-01-16T11:00:45 PKT" name="checkStatusCode" finished-at="2024-01-16T11:00:45 PKT" duration-ms="2" status="PASS">
          <reporter-output>
          </reporter-output>
        </test-method> <!-- checkStatusCode -->
        <test-method signature="checkserverType()[pri:0, instance:com.medelz.testCases.UPDATEEMAIL_update_email@18df8434]" started-at="2024-01-16T11:00:45 PKT" name="checkserverType" finished-at="2024-01-16T11:00:45 PKT" duration-ms="2" status="PASS">
          <reporter-output>
          </reporter-output>
        </test-method> <!-- checkserverType -->
        <test-method is-config="true" signature="tearDown()[pri:0, instance:com.medelz.testCases.UPDATEEMAIL_update_email@18df8434]" started-at="2024-01-16T11:00:45 PKT" name="tearDown" finished-at="2024-01-16T11:00:45 PKT" duration-ms="1" status="PASS">
          <reporter-output>
          </reporter-output>
        </test-method> <!-- tearDown -->
      </class> <!-- com.medelz.testCases.UPDATEEMAIL_update_email -->
      <class name="com.medelz.testCases.AUTH_user_login">
        <test-method is-config="true" signature="setup()[pri:0, instance:com.medelz.testCases.AUTH_user_login@6fdbe764]" started-at="2024-01-16T10:59:27 PKT" name="setup" finished-at="2024-01-16T10:59:27 PKT" duration-ms="60" status="PASS">
          <reporter-output>
          </reporter-output>
        </test-method> <!-- setup -->
        <test-method is-config="true" signature="login()[pri:0, instance:com.medelz.testCases.AUTH_user_login@6fdbe764]" started-at="2024-01-16T10:59:27 PKT" name="login" finished-at="2024-01-16T10:59:47 PKT" duration-ms="20133" status="PASS">
          <reporter-output>
          </reporter-output>
        </test-method> <!-- login -->
        <test-method signature="checkContentType()[pri:0, instance:com.medelz.testCases.AUTH_user_login@6fdbe764]" started-at="2024-01-16T10:59:47 PKT" name="checkContentType" finished-at="2024-01-16T10:59:47 PKT" duration-ms="7" status="PASS">
          <reporter-output>
          </reporter-output>
        </test-method> <!-- checkContentType -->
        <test-method signature="checkResposeBody()[pri:0, instance:com.medelz.testCases.AUTH_user_login@6fdbe764]" started-at="2024-01-16T10:59:47 PKT" name="checkResposeBody" finished-at="2024-01-16T10:59:47 PKT" duration-ms="13" status="PASS">
          <reporter-output>
          </reporter-output>
        </test-method> <!-- checkResposeBody -->
        <test-method signature="checkStatusCode()[pri:0, instance:com.medelz.testCases.AUTH_user_login@6fdbe764]" started-at="2024-01-16T10:59:47 PKT" name="checkStatusCode" finished-at="2024-01-16T10:59:47 PKT" duration-ms="3" status="PASS">
          <reporter-output>
          </reporter-output>
        </test-method> <!-- checkStatusCode -->
        <test-method signature="checkserverType()[pri:0, instance:com.medelz.testCases.AUTH_user_login@6fdbe764]" started-at="2024-01-16T10:59:47 PKT" name="checkserverType" finished-at="2024-01-16T10:59:47 PKT" duration-ms="2" status="PASS">
          <reporter-output>
          </reporter-output>
        </test-method> <!-- checkserverType -->
        <test-method is-config="true" signature="tearDown()[pri:0, instance:com.medelz.testCases.AUTH_user_login@6fdbe764]" started-at="2024-01-16T10:59:47 PKT" name="tearDown" finished-at="2024-01-16T10:59:48 PKT" duration-ms="396" status="PASS">
          <reporter-output>
          </reporter-output>
        </test-method> <!-- tearDown -->
      </class> <!-- com.medelz.testCases.AUTH_user_login -->
      <class name="com.medelz.testCases.FORGOTTENPASSWORD_update_password">
        <test-method is-config="true" signature="setup()[pri:0, instance:com.medelz.testCases.FORGOTTENPASSWORD_update_password@4686afc2]" started-at="2024-01-16T11:01:57 PKT" name="setup" finished-at="2024-01-16T11:01:57 PKT" duration-ms="6" status="PASS">
          <reporter-output>
          </reporter-output>
        </test-method> <!-- setup -->
        <test-method is-config="true" signature="update_password()[pri:0, instance:com.medelz.testCases.FORGOTTENPASSWORD_update_password@4686afc2]" started-at="2024-01-16T11:01:57 PKT" name="update_password" finished-at="2024-01-16T11:02:13 PKT" duration-ms="16772" status="PASS">
          <reporter-output>
          </reporter-output>
        </test-method> <!-- update_password -->
        <test-method signature="checkContentType()[pri:0, instance:com.medelz.testCases.FORGOTTENPASSWORD_update_password@4686afc2]" started-at="2024-01-16T11:02:13 PKT" name="checkContentType" finished-at="2024-01-16T11:02:13 PKT" duration-ms="3" status="PASS">
          <reporter-output>
          </reporter-output>
        </test-method> <!-- checkContentType -->
        <test-method signature="checkResponseTime()[pri:0, instance:com.medelz.testCases.FORGOTTENPASSWORD_update_password@4686afc2]" started-at="2024-01-16T11:02:13 PKT" name="checkResponseTime" finished-at="2024-01-16T11:02:14 PKT" duration-ms="3" status="PASS">
          <reporter-output>
          </reporter-output>
        </test-method> <!-- checkResponseTime -->
        <test-method signature="checkResposeBody()[pri:0, instance:com.medelz.testCases.FORGOTTENPASSWORD_update_password@4686afc2]" started-at="2024-01-16T11:02:14 PKT" name="checkResposeBody" finished-at="2024-01-16T11:02:14 PKT" duration-ms="3" status="PASS">
          <reporter-output>
          </reporter-output>
        </test-method> <!-- checkResposeBody -->
        <test-method signature="checkStatusCode()[pri:0, instance:com.medelz.testCases.FORGOTTENPASSWORD_update_password@4686afc2]" started-at="2024-01-16T11:02:14 PKT" name="checkStatusCode" finished-at="2024-01-16T11:02:14 PKT" duration-ms="12" status="PASS">
          <reporter-output>
          </reporter-output>
        </test-method> <!-- checkStatusCode -->
        <test-method signature="checkserverType()[pri:0, instance:com.medelz.testCases.FORGOTTENPASSWORD_update_password@4686afc2]" started-at="2024-01-16T11:02:14 PKT" name="checkserverType" finished-at="2024-01-16T11:02:14 PKT" duration-ms="4" status="PASS">
          <reporter-output>
          </reporter-output>
        </test-method> <!-- checkserverType -->
        <test-method is-config="true" signature="tearDown()[pri:0, instance:com.medelz.testCases.FORGOTTENPASSWORD_update_password@4686afc2]" started-at="2024-01-16T11:02:14 PKT" name="tearDown" finished-at="2024-01-16T11:02:14 PKT" duration-ms="1" status="PASS">
          <reporter-output>
          </reporter-output>
        </test-method> <!-- tearDown -->
      </class> <!-- com.medelz.testCases.FORGOTTENPASSWORD_update_password -->
      <class name="com.medelz.testCases.UPDATEEMAIL_verify__old_email">
        <test-method is-config="true" signature="setup()[pri:0, instance:com.medelz.testCases.UPDATEEMAIL_verify__old_email@537f60bf]" started-at="2024-01-16T10:59:48 PKT" name="setup" finished-at="2024-01-16T10:59:48 PKT" duration-ms="4" status="PASS">
          <reporter-output>
          </reporter-output>
        </test-method> <!-- setup -->
        <test-method is-config="true" signature="verify__old_email()[pri:0, instance:com.medelz.testCases.UPDATEEMAIL_verify__old_email@537f60bf]" started-at="2024-01-16T10:59:48 PKT" name="verify__old_email" finished-at="2024-01-16T11:00:02 PKT" duration-ms="14766" status="PASS">
          <reporter-output>
          </reporter-output>
        </test-method> <!-- verify__old_email -->
        <test-method signature="checkContentType()[pri:0, instance:com.medelz.testCases.UPDATEEMAIL_verify__old_email@537f60bf]" started-at="2024-01-16T11:00:02 PKT" name="checkContentType" finished-at="2024-01-16T11:00:02 PKT" duration-ms="2" status="PASS">
          <reporter-output>
          </reporter-output>
        </test-method> <!-- checkContentType -->
        <test-method signature="checkResponseTime()[pri:0, instance:com.medelz.testCases.UPDATEEMAIL_verify__old_email@537f60bf]" started-at="2024-01-16T11:00:02 PKT" name="checkResponseTime" finished-at="2024-01-16T11:00:02 PKT" duration-ms="3" status="PASS">
          <reporter-output>
          </reporter-output>
        </test-method> <!-- checkResponseTime -->
        <test-method signature="checkResposeBody()[pri:0, instance:com.medelz.testCases.UPDATEEMAIL_verify__old_email@537f60bf]" started-at="2024-01-16T11:00:02 PKT" name="checkResposeBody" finished-at="2024-01-16T11:00:02 PKT" duration-ms="3" status="PASS">
          <reporter-output>
          </reporter-output>
        </test-method> <!-- checkResposeBody -->
        <test-method signature="checkStatusCode()[pri:0, instance:com.medelz.testCases.UPDATEEMAIL_verify__old_email@537f60bf]" started-at="2024-01-16T11:00:02 PKT" name="checkStatusCode" finished-at="2024-01-16T11:00:02 PKT" duration-ms="3" status="PASS">
          <reporter-output>
          </reporter-output>
        </test-method> <!-- checkStatusCode -->
        <test-method signature="checkserverType()[pri:0, instance:com.medelz.testCases.UPDATEEMAIL_verify__old_email@537f60bf]" started-at="2024-01-16T11:00:02 PKT" name="checkserverType" finished-at="2024-01-16T11:00:02 PKT" duration-ms="3" status="PASS">
          <reporter-output>
          </reporter-output>
        </test-method> <!-- checkserverType -->
        <test-method is-config="true" signature="tearDown()[pri:0, instance:com.medelz.testCases.UPDATEEMAIL_verify__old_email@537f60bf]" started-at="2024-01-16T11:00:02 PKT" name="tearDown" finished-at="2024-01-16T11:00:02 PKT" duration-ms="2" status="PASS">
          <reporter-output>
          </reporter-output>
        </test-method> <!-- tearDown -->
      </class> <!-- com.medelz.testCases.UPDATEEMAIL_verify__old_email -->
      <class name="com.medelz.testCases.UPDATEEMAIL_verify_email">
        <test-method is-config="true" signature="setup()[pri:0, instance:com.medelz.testCases.UPDATEEMAIL_verify_email@65c7a252]" started-at="2024-01-16T11:00:45 PKT" name="setup" finished-at="2024-01-16T11:00:45 PKT" duration-ms="3" status="PASS">
          <reporter-output>
          </reporter-output>
        </test-method> <!-- setup -->
        <test-method is-config="true" signature="verify_email()[pri:0, instance:com.medelz.testCases.UPDATEEMAIL_verify_email@65c7a252]" started-at="2024-01-16T11:00:45 PKT" name="verify_email" finished-at="2024-01-16T11:01:11 PKT" duration-ms="26832" status="PASS">
          <reporter-output>
          </reporter-output>
        </test-method> <!-- verify_email -->
        <test-method signature="checkContentType()[pri:0, instance:com.medelz.testCases.UPDATEEMAIL_verify_email@65c7a252]" started-at="2024-01-16T11:01:11 PKT" name="checkContentType" finished-at="2024-01-16T11:01:11 PKT" duration-ms="3" status="PASS">
          <reporter-output>
          </reporter-output>
        </test-method> <!-- checkContentType -->
        <test-method signature="checkResponseTime()[pri:0, instance:com.medelz.testCases.UPDATEEMAIL_verify_email@65c7a252]" started-at="2024-01-16T11:01:11 PKT" name="checkResponseTime" finished-at="2024-01-16T11:01:11 PKT" duration-ms="3" status="PASS">
          <reporter-output>
          </reporter-output>
        </test-method> <!-- checkResponseTime -->
        <test-method signature="checkResposeBody()[pri:0, instance:com.medelz.testCases.UPDATEEMAIL_verify_email@65c7a252]" started-at="2024-01-16T11:01:11 PKT" name="checkResposeBody" finished-at="2024-01-16T11:01:11 PKT" duration-ms="3" status="PASS">
          <reporter-output>
          </reporter-output>
        </test-method> <!-- checkResposeBody -->
        <test-method signature="checkStatusCode()[pri:0, instance:com.medelz.testCases.UPDATEEMAIL_verify_email@65c7a252]" started-at="2024-01-16T11:01:11 PKT" name="checkStatusCode" finished-at="2024-01-16T11:01:11 PKT" duration-ms="3" status="PASS">
          <reporter-output>
          </reporter-output>
        </test-method> <!-- checkStatusCode -->
        <test-method signature="checkserverType()[pri:0, instance:com.medelz.testCases.UPDATEEMAIL_verify_email@65c7a252]" started-at="2024-01-16T11:01:11 PKT" name="checkserverType" finished-at="2024-01-16T11:01:11 PKT" duration-ms="4" status="PASS">
          <reporter-output>
          </reporter-output>
        </test-method> <!-- checkserverType -->
        <test-method is-config="true" signature="tearDown()[pri:0, instance:com.medelz.testCases.UPDATEEMAIL_verify_email@65c7a252]" started-at="2024-01-16T11:01:11 PKT" name="tearDown" finished-at="2024-01-16T11:01:11 PKT" duration-ms="1" status="PASS">
          <reporter-output>
          </reporter-output>
        </test-method> <!-- tearDown -->
      </class> <!-- com.medelz.testCases.UPDATEEMAIL_verify_email -->
      <class name="com.medelz.testCases.UPDATEEMAIL_verify_otp">
        <test-method is-config="true" signature="setup()[pri:0, instance:com.medelz.testCases.UPDATEEMAIL_verify_otp@5677323c]" started-at="2024-01-16T11:00:02 PKT" name="setup" finished-at="2024-01-16T11:00:02 PKT" duration-ms="3" status="PASS">
          <reporter-output>
          </reporter-output>
        </test-method> <!-- setup -->
        <test-method is-config="true" signature="verify_otp()[pri:0, instance:com.medelz.testCases.UPDATEEMAIL_verify_otp@5677323c]" started-at="2024-01-16T11:00:02 PKT" name="verify_otp" finished-at="2024-01-16T11:00:31 PKT" duration-ms="28516" status="PASS">
          <reporter-output>
          </reporter-output>
        </test-method> <!-- verify_otp -->
        <test-method signature="checkContentType()[pri:0, instance:com.medelz.testCases.UPDATEEMAIL_verify_otp@5677323c]" started-at="2024-01-16T11:00:31 PKT" name="checkContentType" finished-at="2024-01-16T11:00:31 PKT" duration-ms="3" status="PASS">
          <reporter-output>
          </reporter-output>
        </test-method> <!-- checkContentType -->
        <test-method signature="checkResponseTime()[pri:0, instance:com.medelz.testCases.UPDATEEMAIL_verify_otp@5677323c]" started-at="2024-01-16T11:00:31 PKT" name="checkResponseTime" finished-at="2024-01-16T11:00:31 PKT" duration-ms="3" status="PASS">
          <reporter-output>
          </reporter-output>
        </test-method> <!-- checkResponseTime -->
        <test-method signature="checkResposeBody()[pri:0, instance:com.medelz.testCases.UPDATEEMAIL_verify_otp@5677323c]" started-at="2024-01-16T11:00:31 PKT" name="checkResposeBody" finished-at="2024-01-16T11:00:31 PKT" duration-ms="5" status="PASS">
          <reporter-output>
          </reporter-output>
        </test-method> <!-- checkResposeBody -->
        <test-method signature="checkStatusCode()[pri:0, instance:com.medelz.testCases.UPDATEEMAIL_verify_otp@5677323c]" started-at="2024-01-16T11:00:31 PKT" name="checkStatusCode" finished-at="2024-01-16T11:00:31 PKT" duration-ms="2" status="PASS">
          <reporter-output>
          </reporter-output>
        </test-method> <!-- checkStatusCode -->
        <test-method signature="checkserverType()[pri:0, instance:com.medelz.testCases.UPDATEEMAIL_verify_otp@5677323c]" started-at="2024-01-16T11:00:31 PKT" name="checkserverType" finished-at="2024-01-16T11:00:31 PKT" duration-ms="2" status="PASS">
          <reporter-output>
          </reporter-output>
        </test-method> <!-- checkserverType -->
        <test-method is-config="true" signature="tearDown()[pri:0, instance:com.medelz.testCases.UPDATEEMAIL_verify_otp@5677323c]" started-at="2024-01-16T11:00:31 PKT" name="tearDown" finished-at="2024-01-16T11:00:31 PKT" duration-ms="1" status="PASS">
          <reporter-output>
          </reporter-output>
        </test-method> <!-- tearDown -->
      </class> <!-- com.medelz.testCases.UPDATEEMAIL_verify_otp -->
      <class name="com.medelz.testCases.FORGOTTENPASSWORD_password_reset_email">
        <test-method is-config="true" signature="setup()[pri:0, instance:com.medelz.testCases.FORGOTTENPASSWORD_password_reset_email@4d154ccd]" started-at="2024-01-16T11:01:11 PKT" name="setup" finished-at="2024-01-16T11:01:11 PKT" duration-ms="2" status="PASS">
          <reporter-output>
          </reporter-output>
        </test-method> <!-- setup -->
        <test-method is-config="true" signature="password_reset_email()[pri:0, instance:com.medelz.testCases.FORGOTTENPASSWORD_password_reset_email@4d154ccd]" started-at="2024-01-16T11:01:11 PKT" name="password_reset_email" finished-at="2024-01-16T11:01:25 PKT" duration-ms="13505" status="PASS">
          <reporter-output>
          </reporter-output>
        </test-method> <!-- password_reset_email -->
        <test-method signature="checkContentType()[pri:0, instance:com.medelz.testCases.FORGOTTENPASSWORD_password_reset_email@4d154ccd]" started-at="2024-01-16T11:01:25 PKT" name="checkContentType" finished-at="2024-01-16T11:01:25 PKT" duration-ms="3" status="PASS">
          <reporter-output>
          </reporter-output>
        </test-method> <!-- checkContentType -->
        <test-method signature="checkResponseTime()[pri:0, instance:com.medelz.testCases.FORGOTTENPASSWORD_password_reset_email@4d154ccd]" started-at="2024-01-16T11:01:25 PKT" name="checkResponseTime" finished-at="2024-01-16T11:01:25 PKT" duration-ms="2" status="PASS">
          <reporter-output>
          </reporter-output>
        </test-method> <!-- checkResponseTime -->
        <test-method signature="checkResposeBody()[pri:0, instance:com.medelz.testCases.FORGOTTENPASSWORD_password_reset_email@4d154ccd]" started-at="2024-01-16T11:01:25 PKT" name="checkResposeBody" finished-at="2024-01-16T11:01:25 PKT" duration-ms="3" status="PASS">
          <reporter-output>
          </reporter-output>
        </test-method> <!-- checkResposeBody -->
        <test-method signature="checkStatusCode()[pri:0, instance:com.medelz.testCases.FORGOTTENPASSWORD_password_reset_email@4d154ccd]" started-at="2024-01-16T11:01:25 PKT" name="checkStatusCode" finished-at="2024-01-16T11:01:25 PKT" duration-ms="3" status="PASS">
          <reporter-output>
          </reporter-output>
        </test-method> <!-- checkStatusCode -->
        <test-method signature="checkserverType()[pri:0, instance:com.medelz.testCases.FORGOTTENPASSWORD_password_reset_email@4d154ccd]" started-at="2024-01-16T11:01:25 PKT" name="checkserverType" finished-at="2024-01-16T11:01:25 PKT" duration-ms="4" status="PASS">
          <reporter-output>
          </reporter-output>
        </test-method> <!-- checkserverType -->
        <test-method is-config="true" signature="tearDown()[pri:0, instance:com.medelz.testCases.FORGOTTENPASSWORD_password_reset_email@4d154ccd]" started-at="2024-01-16T11:01:25 PKT" name="tearDown" finished-at="2024-01-16T11:01:25 PKT" duration-ms="1" status="PASS">
          <reporter-output>
          </reporter-output>
        </test-method> <!-- tearDown -->
      </class> <!-- com.medelz.testCases.FORGOTTENPASSWORD_password_reset_email -->
    </test> <!-- Test -->
  </suite> <!-- Suite -->
</testng-results>
